2022-12-20 10:15:25,230 INFO o.s.d.r.c.RepositoryConfigurationDelegate [main] Bootstrapping Spring Data JPA repositories in DEFAULT mode.
2022-12-20 10:15:25,311 INFO o.s.d.r.c.RepositoryConfigurationDelegate [main] Finished Spring Data repository scanning in 64 ms. Found 1 JPA repository interfaces.
2022-12-20 10:15:26,222 INFO o.s.b.w.e.t.TomcatWebServer [main] Tomcat initialized with port(s): 9000 (http)
2022-12-20 10:15:26,242 INFO o.a.j.l.DirectJDKLog [main] Starting service [Tomcat]
2022-12-20 10:15:26,243 INFO o.a.j.l.DirectJDKLog [main] Starting Servlet engine: [Apache Tomcat/10.1.1]
2022-12-20 10:15:26,397 INFO o.a.j.l.DirectJDKLog [main] Initializing Spring embedded WebApplicationContext
2022-12-20 10:15:26,400 INFO o.s.b.w.s.c.ServletWebServerApplicationContext [main] Root WebApplicationContext: initialization completed in 2086 ms
2022-12-20 10:15:26,447 INFO c.z.h.HikariDataSource [main] HikariPool-1 - Starting...
2022-12-20 10:15:26,710 INFO c.z.h.p.HikariPool [main] HikariPool-1 - Added connection conn0: url=jdbc:h2:mem:junit_db user=SA
2022-12-20 10:15:26,712 INFO c.z.h.HikariDataSource [main] HikariPool-1 - Start completed.
2022-12-20 10:15:26,724 INFO o.s.b.a.h.H2ConsoleAutoConfiguration [main] H2 console available at '/h2-console'. Database available at 'jdbc:h2:mem:junit_db'
2022-12-20 10:15:26,943 INFO o.h.j.i.u.LogHelper [main] HHH000204: Processing PersistenceUnitInfo [name: default]
2022-12-20 10:15:27,057 INFO o.h.Version [main] HHH000412: Hibernate ORM core version 6.1.5.Final
2022-12-20 10:15:27,286 WARN o.h.b.i.MetadataBuilderImpl$MetadataBuildingOptionsImpl [main] HHH90000021: Encountered deprecated setting [javax.persistence.sharedCache.mode], use [jakarta.persistence.sharedCache.mode] instead
2022-12-20 10:15:27,442 INFO o.h.e.j.d.i.DialectFactoryImpl [main] HHH000400: Using dialect: org.hibernate.dialect.H2Dialect
2022-12-20 10:15:28,164 INFO o.h.e.t.j.p.i.JtaPlatformInitiator [main] HHH000490: Using JtaPlatform implementation: [org.hibernate.engine.transaction.jta.platform.internal.NoJtaPlatform]
2022-12-20 10:15:28,172 INFO o.s.o.j.AbstractEntityManagerFactoryBean [main] Initialized JPA EntityManagerFactory for persistence unit 'default'
2022-12-20 10:15:28,539 WARN o.s.b.a.o.j.JpaBaseConfiguration$JpaWebConfiguration [main] spring.jpa.open-in-view is enabled by default. Therefore, database queries may be performed during view rendering. Explicitly configure spring.jpa.open-in-view to disable this warning
2022-12-20 10:15:28,982 INFO o.s.b.w.e.t.TomcatWebServer [main] Tomcat started on port(s): 9000 (http) with context path ''
2022-12-20 10:15:32,312 INFO o.s.o.j.AbstractEntityManagerFactoryBean [SpringApplicationShutdownHook] Closing JPA EntityManagerFactory for persistence unit 'default'
2022-12-20 10:15:32,313 INFO o.h.t.s.i.SchemaDropperImpl$DelayedDropActionImpl [SpringApplicationShutdownHook] HHH000477: Starting delayed evictData of schema as part of SessionFactory shut-down'
2022-12-20 10:15:32,503 INFO c.z.h.HikariDataSource [SpringApplicationShutdownHook] HikariPool-1 - Shutdown initiated...
2022-12-20 10:15:32,515 INFO c.z.h.HikariDataSource [SpringApplicationShutdownHook] HikariPool-1 - Shutdown completed.
2022-12-20 10:16:08,767 INFO o.s.t.c.s.AnnotationConfigContextLoaderUtils [main] Could not detect default configuration classes for test class [org.example.entities.rest.api_case.MyControllerTest]: MyControllerTest does not declare any static, non-private, non-final, nested classes annotated with @Configuration.
2022-12-20 10:16:09,040 INFO o.s.b.t.c.SpringBootTestContextBootstrapper [main] Found @SpringBootConfiguration org.example.JUnitPractice for test class org.example.entities.rest.api_case.MyControllerTest
2022-12-20 10:16:10,378 INFO o.s.d.r.c.RepositoryConfigurationDelegate [main] Bootstrapping Spring Data JPA repositories in DEFAULT mode.
2022-12-20 10:16:10,440 INFO o.s.d.r.c.RepositoryConfigurationDelegate [main] Finished Spring Data repository scanning in 53 ms. Found 1 JPA repository interfaces.
2022-12-20 10:16:10,912 INFO c.z.h.HikariDataSource [main] HikariPool-1 - Starting...
2022-12-20 10:16:11,153 INFO c.z.h.p.HikariPool [main] HikariPool-1 - Added connection conn0: url=jdbc:h2:mem:junit_db user=SA
2022-12-20 10:16:11,155 INFO c.z.h.HikariDataSource [main] HikariPool-1 - Start completed.
2022-12-20 10:16:11,212 INFO o.h.j.i.u.LogHelper [main] HHH000204: Processing PersistenceUnitInfo [name: default]
2022-12-20 10:16:11,287 INFO o.h.Version [main] HHH000412: Hibernate ORM core version 6.1.5.Final
2022-12-20 10:16:11,501 WARN o.h.b.i.MetadataBuilderImpl$MetadataBuildingOptionsImpl [main] HHH90000021: Encountered deprecated setting [javax.persistence.sharedCache.mode], use [jakarta.persistence.sharedCache.mode] instead
2022-12-20 10:16:11,743 INFO o.h.e.j.d.i.DialectFactoryImpl [main] HHH000400: Using dialect: org.hibernate.dialect.H2Dialect
2022-12-20 10:16:12,407 INFO o.h.e.t.j.p.i.JtaPlatformInitiator [main] HHH000490: Using JtaPlatform implementation: [org.hibernate.engine.transaction.jta.platform.internal.NoJtaPlatform]
2022-12-20 10:16:12,418 INFO o.s.o.j.AbstractEntityManagerFactoryBean [main] Initialized JPA EntityManagerFactory for persistence unit 'default'
2022-12-20 10:16:12,871 WARN o.s.b.a.o.j.JpaBaseConfiguration$JpaWebConfiguration [main] spring.jpa.open-in-view is enabled by default. Therefore, database queries may be performed during view rendering. Explicitly configure spring.jpa.open-in-view to disable this warning
2022-12-20 10:16:13,243 INFO o.s.b.a.h.H2ConsoleAutoConfiguration [main] H2 console available at '/h2-console'. Database available at 'jdbc:h2:mem:junit_db'
2022-12-20 10:16:13,573 INFO o.s.m.w.MockServletContext [main] Initializing Spring TestDispatcherServlet ''
2022-12-20 10:16:13,574 INFO o.s.w.s.FrameworkServlet [main] Initializing Servlet ''
2022-12-20 10:16:13,578 INFO o.s.w.s.FrameworkServlet [main] Completed initialization in 1 ms
2022-12-20 10:16:13,945 INFO o.s.o.j.AbstractEntityManagerFactoryBean [SpringApplicationShutdownHook] Closing JPA EntityManagerFactory for persistence unit 'default'
2022-12-20 10:16:13,946 INFO o.h.t.s.i.SchemaDropperImpl$DelayedDropActionImpl [SpringApplicationShutdownHook] HHH000477: Starting delayed evictData of schema as part of SessionFactory shut-down'
2022-12-20 10:16:14,159 INFO c.z.h.HikariDataSource [SpringApplicationShutdownHook] HikariPool-1 - Shutdown initiated...
2022-12-20 10:16:14,171 INFO c.z.h.HikariDataSource [SpringApplicationShutdownHook] HikariPool-1 - Shutdown completed.
2022-12-20 10:44:22,579 INFO o.s.t.c.s.AnnotationConfigContextLoaderUtils [main] Could not detect default configuration classes for test class [org.example.entities.rest.api_case.MyControllerTest]: MyControllerTest does not declare any static, non-private, non-final, nested classes annotated with @Configuration.
2022-12-20 10:44:22,836 INFO o.s.b.t.c.SpringBootTestContextBootstrapper [main] Found @SpringBootConfiguration org.example.JUnitPractice for test class org.example.entities.rest.api_case.MyControllerTest
2022-12-20 10:44:24,289 INFO o.s.d.r.c.RepositoryConfigurationDelegate [main] Bootstrapping Spring Data JPA repositories in DEFAULT mode.
2022-12-20 10:44:24,352 INFO o.s.d.r.c.RepositoryConfigurationDelegate [main] Finished Spring Data repository scanning in 53 ms. Found 1 JPA repository interfaces.
2022-12-20 10:44:24,774 INFO c.z.h.HikariDataSource [main] HikariPool-1 - Starting...
2022-12-20 10:44:24,951 INFO c.z.h.p.HikariPool [main] HikariPool-1 - Added connection conn0: url=jdbc:h2:mem:junit_db user=SA
2022-12-20 10:44:24,953 INFO c.z.h.HikariDataSource [main] HikariPool-1 - Start completed.
2022-12-20 10:44:25,023 INFO o.h.j.i.u.LogHelper [main] HHH000204: Processing PersistenceUnitInfo [name: default]
2022-12-20 10:44:25,075 INFO o.h.Version [main] HHH000412: Hibernate ORM core version 6.1.5.Final
2022-12-20 10:44:25,262 WARN o.h.b.i.MetadataBuilderImpl$MetadataBuildingOptionsImpl [main] HHH90000021: Encountered deprecated setting [javax.persistence.sharedCache.mode], use [jakarta.persistence.sharedCache.mode] instead
2022-12-20 10:44:25,506 INFO o.h.e.j.d.i.DialectFactoryImpl [main] HHH000400: Using dialect: org.hibernate.dialect.H2Dialect
2022-12-20 10:44:26,067 INFO o.h.e.t.j.p.i.JtaPlatformInitiator [main] HHH000490: Using JtaPlatform implementation: [org.hibernate.engine.transaction.jta.platform.internal.NoJtaPlatform]
2022-12-20 10:44:26,077 INFO o.s.o.j.AbstractEntityManagerFactoryBean [main] Initialized JPA EntityManagerFactory for persistence unit 'default'
2022-12-20 10:44:27,261 WARN o.s.b.a.o.j.JpaBaseConfiguration$JpaWebConfiguration [main] spring.jpa.open-in-view is enabled by default. Therefore, database queries may be performed during view rendering. Explicitly configure spring.jpa.open-in-view to disable this warning
2022-12-20 10:44:27,701 INFO o.s.b.a.h.H2ConsoleAutoConfiguration [main] H2 console available at '/h2-console'. Database available at 'jdbc:h2:mem:junit_db'
2022-12-20 10:44:28,303 INFO o.s.m.w.MockServletContext [main] Initializing Spring TestDispatcherServlet ''
2022-12-20 10:44:28,305 INFO o.s.w.s.FrameworkServlet [main] Initializing Servlet ''
2022-12-20 10:44:28,311 INFO o.s.w.s.FrameworkServlet [main] Completed initialization in 0 ms
2022-12-20 10:44:28,843 INFO o.s.o.j.AbstractEntityManagerFactoryBean [SpringApplicationShutdownHook] Closing JPA EntityManagerFactory for persistence unit 'default'
2022-12-20 10:44:28,845 INFO o.h.t.s.i.SchemaDropperImpl$DelayedDropActionImpl [SpringApplicationShutdownHook] HHH000477: Starting delayed evictData of schema as part of SessionFactory shut-down'
2022-12-20 10:44:29,047 INFO c.z.h.HikariDataSource [SpringApplicationShutdownHook] HikariPool-1 - Shutdown initiated...
2022-12-20 10:44:29,062 INFO c.z.h.HikariDataSource [SpringApplicationShutdownHook] HikariPool-1 - Shutdown completed.
